<?xml version="1.0" encoding="UTF-8"?>
<testng-results ignored="0" total="1" passed="1" failed="0" skipped="0">
  <reporter-output>
  </reporter-output>
  <suite started-at="2022-05-16T20:46:40 EDT" name="Default suite" finished-at="2022-05-16T20:46:52 EDT" duration-ms="12484">
    <groups>
    </groups>
    <test started-at="2022-05-16T20:46:40 EDT" name="Default test" finished-at="2022-05-16T20:46:52 EDT" duration-ms="12484">
      <class name="ProTrainingTech.AutomationTrainingProgram.Browser">
        <test-method is-config="true" signature="beforeClass()[pri:0, instance:ProTrainingTech.AutomationTrainingProgram.Browser@41fbdac4]" started-at="2022-05-16T20:46:40 EDT" name="beforeClass" finished-at="2022-05-16T20:46:45 EDT" duration-ms="4952" status="PASS">
          <reporter-output>
          </reporter-output>
        </test-method> <!-- beforeClass -->
        <test-method signature="f()[pri:0, instance:ProTrainingTech.AutomationTrainingProgram.Browser@41fbdac4]" started-at="2022-05-16T20:46:45 EDT" name="f" finished-at="2022-05-16T20:46:49 EDT" duration-ms="4255" status="PASS">
          <reporter-output>
          </reporter-output>
        </test-method> <!-- f -->
        <test-method is-config="true" signature="afterClass()[pri:0, instance:ProTrainingTech.AutomationTrainingProgram.Browser@41fbdac4]" started-at="2022-05-16T20:46:49 EDT" name="afterClass" finished-at="2022-05-16T20:46:52 EDT" duration-ms="3245" status="PASS">
          <reporter-output>
          </reporter-output>
        </test-method> <!-- afterClass -->
      </class> <!-- ProTrainingTech.AutomationTrainingProgram.Browser -->
    </test> <!-- Default test -->
  </suite> <!-- Default suite -->
</testng-results>
